
2025-05-28 14:13:48 [INFO] 2 avisos procesados y guardados.
2025-05-28 14:13:48 [INFO] Ya existe: pdfs\Resolución 223_2025_20250528.pdf
2025-05-28 14:13:48 [INFO] Ya existe: pdfs\Resolución 224_2025_20250528.pdf
2025-05-28 14:39:15 [INFO] 2 avisos procesados y guardados.
2025-05-28 14:39:15 [INFO] Ya existe: pdfs\Resolución 223_2025_20250528.pdf
2025-05-28 14:39:15 [INFO] Ya existe: pdfs\Resolución 224_2025_20250528.pdf
2025-05-28 14:46:57 [INFO] 2 avisos procesados y guardados.
2025-05-28 14:46:57 [INFO] Ya existe: pdfs\Resolución 223_2025_20250528.pdf
2025-05-29 07:08:24 [INFO] 2 avisos procesados y guardados.
2025-05-29 07:08:24 [INFO] Ya existe: pdfs\Resolución 223_2025_20250528.pdf
2025-05-29 07:14:55 [INFO] 2 avisos procesados y guardados.
2025-05-29 07:14:55 [INFO] Ya existe: pdfs\Resolución 223_2025_20250528.pdf
2025-05-29 08:20:02 [INFO] 4 avisos procesados y guardados.
2025-05-29 08:20:03 [INFO] PDF descargado: pdfs\Resolución 165_2025_20250529.pdf
2025-05-29 08:20:06 [WARNING] Xet Storage is enabled for this repo, but the 'hf_xet' package is not installed. Falling back to regular HTTP download. For better performance, install the package with: `pip install huggingface_hub[hf_xet]` or `pip install hf_xet`
2025-05-29 08:51:53 [INFO] 4 avisos procesados y guardados.
2025-05-29 08:51:53 [INFO] Ya existe: pdfs\Resolución 165_2025_20250529.pdf
2025-05-29 08:51:58 [INFO] PDF descargado: pdfs\Aviso Oficial_20250529.pdf
2025-05-29 08:52:00 [INFO] PDF descargado: pdfs\Disposición 228_2025_20250529.pdf
2025-05-29 08:52:03 [INFO] PDF descargado: pdfs\Resolución General 5701_2025_20250529.pdf
2025-05-29 08:52:54 [INFO] 4 avisos procesados y guardados.
2025-05-29 08:52:54 [INFO] Ya existe: pdfs\Resolución 165_2025_20250529.pdf
2025-05-29 08:52:54 [INFO] Ya existe: pdfs\Aviso Oficial_20250529.pdf
2025-05-29 08:52:54 [INFO] Ya existe: pdfs\Disposición 228_2025_20250529.pdf
2025-05-29 08:52:54 [INFO] Ya existe: pdfs\Resolución General 5701_2025_20250529.pdf
2025-05-29 08:56:21 [INFO] 4 avisos procesados y guardados.
2025-05-29 08:56:21 [INFO] Ya existe: pdfs\Resolución 165_2025_20250529.pdf
2025-05-29 08:57:18 [INFO] 4 avisos procesados y guardados.
2025-05-29 08:57:18 [INFO] Ya existe: pdfs\Resolución 165_2025_20250529.pdf
2025-05-29 09:00:05 [INFO] 4 avisos procesados y guardados.
2025-05-29 09:00:05 [INFO] Ya existe: pdfs\Resolución 165_2025_20250529.pdf
2025-05-29 09:27:57 [INFO] 4 avisos procesados y guardados.
2025-05-29 09:27:57 [INFO] Ya existe: pdfs\Resolución 165_2025_20250529.pdf
2025-05-29 09:29:05 [INFO] 4 avisos procesados y guardados.
2025-05-29 09:29:05 [INFO] Ya existe: pdfs\Resolución 165_2025_20250529.pdf
2025-05-29 09:29:40 [INFO] 4 avisos procesados y guardados.
2025-05-29 09:29:40 [INFO] Ya existe: pdfs\Resolución 165_2025_20250529.pdf
2025-05-29 09:30:19 [INFO] 4 avisos procesados y guardados.
2025-05-29 09:30:19 [INFO] Ya existe: pdfs\Resolución 165_2025_20250529.pdf
2025-05-29 09:30:40 [INFO] 4 avisos procesados y guardados.
2025-05-29 09:30:40 [INFO] Ya existe: pdfs\Resolución 165_2025_20250529.pdf
2025-05-29 09:33:14 [INFO] 4 avisos procesados y guardados.
2025-05-29 09:33:14 [INFO] Ya existe: pdfs\Resolución 165_2025_20250529.pdf
2025-05-29 09:33:33 [INFO] 4 avisos procesados y guardados.
2025-05-29 09:33:33 [INFO] Ya existe: pdfs\Resolución 165_2025_20250529.pdf
2025-05-29 09:33:54 [INFO] 4 avisos procesados y guardados.
2025-05-29 09:33:54 [INFO] Ya existe: pdfs\Resolución 165_2025_20250529.pdf
2025-05-29 09:34:21 [INFO] 4 avisos procesados y guardados.
2025-05-29 09:34:21 [INFO] Ya existe: pdfs\Resolución 165_2025_20250529.pdf
2025-05-29 09:38:46 [INFO] 4 avisos procesados y guardados.
2025-05-29 09:38:46 [INFO] Ya existe: pdfs\Resolución 165_2025_20250529.pdf
2025-05-29 09:38:59 [INFO] 4 avisos procesados y guardados.
2025-05-29 09:38:59 [INFO] Ya existe: pdfs\Resolución 165_2025_20250529.pdf
2025-05-29 09:42:14 [INFO] 4 avisos procesados y guardados.
2025-05-29 09:42:14 [INFO] Ya existe: pdfs\Resolución 165_2025_20250529.pdf
2025-05-29 09:47:05 [INFO] 4 avisos procesados y guardados.
2025-05-29 09:47:05 [INFO] Ya existe: pdfs\Resolución 165_2025_20250529.pdf
2025-05-29 09:47:57 [INFO] 4 avisos procesados y guardados.
2025-05-29 09:47:57 [INFO] Ya existe: pdfs\Resolución 165_2025_20250529.pdf
2025-05-29 09:49:49 [INFO] 4 avisos procesados y guardados.
2025-05-29 09:49:49 [INFO] Ya existe: pdfs\Resolución 165_2025_20250529.pdf
2025-05-29 09:51:13 [INFO] 4 avisos procesados y guardados.
2025-05-29 09:51:13 [INFO] Ya existe: pdfs\Resolución 165_2025_20250529.pdf
2025-05-29 09:53:03 [INFO] 4 avisos procesados y guardados.
2025-05-29 09:53:03 [INFO] Ya existe: pdfs\Resolución 165_2025_20250529.pdf
2025-05-29 09:56:12 [INFO] 4 avisos procesados y guardados.
2025-05-29 09:56:12 [INFO] Ya existe: pdfs\Resolución 165_2025_20250529.pdf
2025-05-29 09:56:56 [INFO] 4 avisos procesados y guardados.
2025-05-29 09:56:56 [INFO] Ya existe: pdfs\Resolución 165_2025_20250529.pdf
2025-05-29 09:59:21 [INFO] 4 avisos procesados y guardados.
2025-05-29 09:59:21 [INFO] Ya existe: pdfs\Resolución 165_2025_20250529.pdf
2025-05-29 09:59:28 [INFO] 4 avisos procesados y guardados.
2025-05-29 09:59:28 [INFO] Ya existe: pdfs\Resolución 165_2025_20250529.pdf
2025-05-29 10:01:24 [INFO] 4 avisos procesados y guardados.
2025-05-29 10:01:24 [INFO] Ya existe: pdfs\Resolución 165_2025_20250529.pdf
2025-05-29 10:01:32 [INFO] 4 avisos procesados y guardados.
2025-05-29 10:01:32 [INFO] Ya existe: pdfs\Resolución 165_2025_20250529.pdf
2025-05-29 10:02:11 [INFO] 4 avisos procesados y guardados.
2025-05-29 10:02:11 [INFO] Ya existe: pdfs\Resolución 165_2025_20250529.pdf
2025-05-29 10:03:45 [INFO] 4 avisos procesados y guardados.
2025-05-29 10:03:45 [INFO] Ya existe: pdfs\Resolución 165_2025_20250529.pdf
2025-05-29 10:04:08 [INFO] 4 avisos procesados y guardados.
2025-05-29 10:04:08 [INFO] Ya existe: pdfs\Resolución 165_2025_20250529.pdf
2025-05-29 10:29:16 [INFO] 4 avisos procesados y guardados.
2025-05-29 10:29:16 [INFO] Ya existe: pdfs\Resolución 165_2025_20250529.pdf
2025-05-29 10:35:27 [INFO] 4 avisos procesados y guardados.
2025-05-29 10:35:27 [INFO] Ya existe: pdfs\Resolución 165_2025_20250529.pdf
2025-05-29 10:35:41 [INFO] 4 avisos procesados y guardados.
2025-05-29 10:35:41 [INFO] Ya existe: pdfs\Resolución 165_2025_20250529.pdf
2025-05-29 10:37:16 [INFO] 4 avisos procesados y guardados.
2025-05-29 10:37:16 [INFO] Ya existe: pdfs\Resolución 165_2025_20250529.pdf
2025-05-29 10:37:29 [INFO] 4 avisos procesados y guardados.
2025-05-29 10:37:29 [INFO] Ya existe: pdfs\Resolución 165_2025_20250529.pdf
2025-05-29 10:43:49 [INFO] 4 avisos procesados y guardados.
2025-05-29 10:43:49 [INFO] Ya existe: pdfs\Resolución 165_2025_20250529.pdf
2025-05-29 10:43:49 [WARNING] CropBox missing from /Page, defaulting to MediaBox
2025-05-29 10:43:49 [WARNING] CropBox missing from /Page, defaulting to MediaBox
2025-05-29 10:43:49 [WARNING] CropBox missing from /Page, defaulting to MediaBox
2025-05-29 10:43:49 [WARNING] CropBox missing from /Page, defaulting to MediaBox
2025-05-29 10:43:49 [WARNING] CropBox missing from /Page, defaulting to MediaBox
2025-05-29 10:43:49 [WARNING] CropBox missing from /Page, defaulting to MediaBox
2025-05-29 10:43:49 [WARNING] CropBox missing from /Page, defaulting to MediaBox
2025-05-29 10:43:49 [WARNING] CropBox missing from /Page, defaulting to MediaBox
2025-05-29 10:43:49 [WARNING] CropBox missing from /Page, defaulting to MediaBox
2025-05-29 10:43:49 [WARNING] CropBox missing from /Page, defaulting to MediaBox
2025-05-29 10:43:53 [WARNING] CropBox missing from /Page, defaulting to MediaBox
2025-05-29 10:43:53 [WARNING] CropBox missing from /Page, defaulting to MediaBox
2025-05-29 10:43:53 [WARNING] CropBox missing from /Page, defaulting to MediaBox
2025-05-29 10:43:53 [WARNING] CropBox missing from /Page, defaulting to MediaBox
2025-05-29 10:43:53 [WARNING] CropBox missing from /Page, defaulting to MediaBox
2025-05-29 10:43:53 [WARNING] CropBox missing from /Page, defaulting to MediaBox
2025-05-29 10:43:53 [WARNING] CropBox missing from /Page, defaulting to MediaBox
2025-05-29 10:43:53 [WARNING] CropBox missing from /Page, defaulting to MediaBox
2025-05-29 10:43:53 [WARNING] CropBox missing from /Page, defaulting to MediaBox
2025-05-29 10:43:53 [WARNING] CropBox missing from /Page, defaulting to MediaBox
2025-05-29 10:47:23 [INFO] 4 avisos procesados y guardados.
2025-05-29 10:47:23 [INFO] Ya existe: pdfs\Resolución 165_2025_20250529.pdf
2025-05-29 10:47:23 [WARNING] CropBox missing from /Page, defaulting to MediaBox
2025-05-29 10:47:23 [WARNING] CropBox missing from /Page, defaulting to MediaBox
2025-05-29 10:47:23 [WARNING] CropBox missing from /Page, defaulting to MediaBox
2025-05-29 10:47:23 [WARNING] CropBox missing from /Page, defaulting to MediaBox
2025-05-29 10:47:23 [WARNING] CropBox missing from /Page, defaulting to MediaBox
2025-05-29 10:47:23 [WARNING] CropBox missing from /Page, defaulting to MediaBox
2025-05-29 10:47:23 [WARNING] CropBox missing from /Page, defaulting to MediaBox
2025-05-29 10:47:23 [WARNING] CropBox missing from /Page, defaulting to MediaBox
2025-05-29 10:47:23 [WARNING] CropBox missing from /Page, defaulting to MediaBox
2025-05-29 10:47:23 [WARNING] CropBox missing from /Page, defaulting to MediaBox
2025-05-29 10:47:25 [WARNING] CropBox missing from /Page, defaulting to MediaBox
2025-05-29 10:47:25 [WARNING] CropBox missing from /Page, defaulting to MediaBox
2025-05-29 10:47:25 [WARNING] CropBox missing from /Page, defaulting to MediaBox
2025-05-29 10:47:25 [WARNING] CropBox missing from /Page, defaulting to MediaBox
2025-05-29 10:47:25 [WARNING] CropBox missing from /Page, defaulting to MediaBox
2025-05-29 10:47:25 [WARNING] CropBox missing from /Page, defaulting to MediaBox
2025-05-29 10:47:25 [WARNING] CropBox missing from /Page, defaulting to MediaBox
2025-05-29 10:47:25 [WARNING] CropBox missing from /Page, defaulting to MediaBox
2025-05-29 10:47:25 [WARNING] CropBox missing from /Page, defaulting to MediaBox
2025-05-29 10:47:25 [WARNING] CropBox missing from /Page, defaulting to MediaBox
2025-05-29 10:47:53 [INFO] 4 avisos procesados y guardados.
2025-05-29 10:47:53 [INFO] Ya existe: pdfs\Resolución 165_2025_20250529.pdf
2025-05-29 10:47:53 [WARNING] CropBox missing from /Page, defaulting to MediaBox
2025-05-29 10:47:53 [WARNING] CropBox missing from /Page, defaulting to MediaBox
2025-05-29 10:47:53 [WARNING] CropBox missing from /Page, defaulting to MediaBox
2025-05-29 10:47:53 [WARNING] CropBox missing from /Page, defaulting to MediaBox
2025-05-29 10:47:53 [WARNING] CropBox missing from /Page, defaulting to MediaBox
2025-05-29 10:47:53 [WARNING] CropBox missing from /Page, defaulting to MediaBox
2025-05-29 10:47:53 [WARNING] CropBox missing from /Page, defaulting to MediaBox
2025-05-29 10:47:53 [WARNING] CropBox missing from /Page, defaulting to MediaBox
2025-05-29 10:47:53 [WARNING] CropBox missing from /Page, defaulting to MediaBox
2025-05-29 10:47:53 [WARNING] CropBox missing from /Page, defaulting to MediaBox
2025-05-29 10:47:55 [WARNING] CropBox missing from /Page, defaulting to MediaBox
2025-05-29 10:47:55 [WARNING] CropBox missing from /Page, defaulting to MediaBox
2025-05-29 10:47:55 [WARNING] CropBox missing from /Page, defaulting to MediaBox
2025-05-29 10:47:55 [WARNING] CropBox missing from /Page, defaulting to MediaBox
2025-05-29 10:47:55 [WARNING] CropBox missing from /Page, defaulting to MediaBox
2025-05-29 10:47:55 [WARNING] CropBox missing from /Page, defaulting to MediaBox
2025-05-29 10:47:55 [WARNING] CropBox missing from /Page, defaulting to MediaBox
2025-05-29 10:47:55 [WARNING] CropBox missing from /Page, defaulting to MediaBox
2025-05-29 10:47:55 [WARNING] CropBox missing from /Page, defaulting to MediaBox
2025-05-29 10:47:55 [WARNING] CropBox missing from /Page, defaulting to MediaBox
2025-05-29 10:48:14 [INFO] 4 avisos procesados y guardados.
2025-05-29 10:48:14 [INFO] Ya existe: pdfs\Resolución 165_2025_20250529.pdf
2025-05-29 10:48:14 [WARNING] CropBox missing from /Page, defaulting to MediaBox
2025-05-29 10:48:14 [WARNING] CropBox missing from /Page, defaulting to MediaBox
2025-05-29 10:48:14 [WARNING] CropBox missing from /Page, defaulting to MediaBox
2025-05-29 10:48:14 [WARNING] CropBox missing from /Page, defaulting to MediaBox
2025-05-29 10:48:14 [WARNING] CropBox missing from /Page, defaulting to MediaBox
2025-05-29 10:48:14 [WARNING] CropBox missing from /Page, defaulting to MediaBox
2025-05-29 10:48:14 [WARNING] CropBox missing from /Page, defaulting to MediaBox
2025-05-29 10:48:14 [WARNING] CropBox missing from /Page, defaulting to MediaBox
2025-05-29 10:48:14 [WARNING] CropBox missing from /Page, defaulting to MediaBox
2025-05-29 10:48:14 [WARNING] CropBox missing from /Page, defaulting to MediaBox
2025-05-29 10:48:16 [WARNING] CropBox missing from /Page, defaulting to MediaBox
2025-05-29 10:48:16 [WARNING] CropBox missing from /Page, defaulting to MediaBox
2025-05-29 10:48:16 [WARNING] CropBox missing from /Page, defaulting to MediaBox
2025-05-29 10:48:16 [WARNING] CropBox missing from /Page, defaulting to MediaBox
2025-05-29 10:48:16 [WARNING] CropBox missing from /Page, defaulting to MediaBox
2025-05-29 10:48:16 [WARNING] CropBox missing from /Page, defaulting to MediaBox
2025-05-29 10:48:16 [WARNING] CropBox missing from /Page, defaulting to MediaBox
2025-05-29 10:48:16 [WARNING] CropBox missing from /Page, defaulting to MediaBox
2025-05-29 10:48:16 [WARNING] CropBox missing from /Page, defaulting to MediaBox
2025-05-29 10:48:16 [WARNING] CropBox missing from /Page, defaulting to MediaBox
2025-05-29 10:53:09 [INFO] 4 avisos procesados y guardados.
2025-05-29 10:53:09 [INFO] Ya existe: pdfs\Resolución 165_2025_20250529.pdf
2025-05-29 10:53:09 [WARNING] CropBox missing from /Page, defaulting to MediaBox
2025-05-29 10:53:09 [WARNING] CropBox missing from /Page, defaulting to MediaBox
2025-05-29 10:53:09 [WARNING] CropBox missing from /Page, defaulting to MediaBox
2025-05-29 10:53:09 [WARNING] CropBox missing from /Page, defaulting to MediaBox
2025-05-29 10:53:09 [WARNING] CropBox missing from /Page, defaulting to MediaBox
2025-05-29 10:53:09 [WARNING] CropBox missing from /Page, defaulting to MediaBox
2025-05-29 10:53:09 [WARNING] CropBox missing from /Page, defaulting to MediaBox
2025-05-29 10:53:09 [WARNING] CropBox missing from /Page, defaulting to MediaBox
2025-05-29 10:53:09 [WARNING] CropBox missing from /Page, defaulting to MediaBox
2025-05-29 10:53:09 [WARNING] CropBox missing from /Page, defaulting to MediaBox
2025-05-29 10:53:11 [WARNING] CropBox missing from /Page, defaulting to MediaBox
2025-05-29 10:53:11 [WARNING] CropBox missing from /Page, defaulting to MediaBox
2025-05-29 10:53:11 [WARNING] CropBox missing from /Page, defaulting to MediaBox
2025-05-29 10:53:11 [WARNING] CropBox missing from /Page, defaulting to MediaBox
2025-05-29 10:53:11 [WARNING] CropBox missing from /Page, defaulting to MediaBox
2025-05-29 10:53:11 [WARNING] CropBox missing from /Page, defaulting to MediaBox
2025-05-29 10:53:11 [WARNING] CropBox missing from /Page, defaulting to MediaBox
2025-05-29 10:53:11 [WARNING] CropBox missing from /Page, defaulting to MediaBox
2025-05-29 10:53:11 [WARNING] CropBox missing from /Page, defaulting to MediaBox
2025-05-29 10:53:11 [WARNING] CropBox missing from /Page, defaulting to MediaBox
2025-05-29 10:53:49 [INFO] 4 avisos procesados y guardados.
2025-05-29 10:53:49 [INFO] Ya existe: pdfs\Resolución 165_2025_20250529.pdf
2025-05-29 10:53:49 [WARNING] CropBox missing from /Page, defaulting to MediaBox
2025-05-29 10:53:49 [WARNING] CropBox missing from /Page, defaulting to MediaBox
2025-05-29 10:53:49 [WARNING] CropBox missing from /Page, defaulting to MediaBox
2025-05-29 10:53:49 [WARNING] CropBox missing from /Page, defaulting to MediaBox
2025-05-29 10:53:49 [WARNING] CropBox missing from /Page, defaulting to MediaBox
2025-05-29 10:53:49 [WARNING] CropBox missing from /Page, defaulting to MediaBox
2025-05-29 10:53:49 [WARNING] CropBox missing from /Page, defaulting to MediaBox
2025-05-29 10:53:49 [WARNING] CropBox missing from /Page, defaulting to MediaBox
2025-05-29 10:53:49 [WARNING] CropBox missing from /Page, defaulting to MediaBox
2025-05-29 10:53:49 [WARNING] CropBox missing from /Page, defaulting to MediaBox
2025-05-29 10:53:52 [WARNING] CropBox missing from /Page, defaulting to MediaBox
2025-05-29 10:53:52 [WARNING] CropBox missing from /Page, defaulting to MediaBox
2025-05-29 10:53:52 [WARNING] CropBox missing from /Page, defaulting to MediaBox
2025-05-29 10:53:52 [WARNING] CropBox missing from /Page, defaulting to MediaBox
2025-05-29 10:53:52 [WARNING] CropBox missing from /Page, defaulting to MediaBox
2025-05-29 10:53:52 [WARNING] CropBox missing from /Page, defaulting to MediaBox
2025-05-29 10:53:52 [WARNING] CropBox missing from /Page, defaulting to MediaBox
2025-05-29 10:53:52 [WARNING] CropBox missing from /Page, defaulting to MediaBox
2025-05-29 10:53:52 [WARNING] CropBox missing from /Page, defaulting to MediaBox
2025-05-29 10:53:52 [WARNING] CropBox missing from /Page, defaulting to MediaBox
2025-05-29 10:54:14 [INFO] 4 avisos procesados y guardados.
2025-05-29 10:54:14 [INFO] Ya existe: pdfs\Resolución 165_2025_20250529.pdf
2025-05-29 10:54:14 [WARNING] CropBox missing from /Page, defaulting to MediaBox
2025-05-29 10:54:14 [WARNING] CropBox missing from /Page, defaulting to MediaBox
2025-05-29 10:54:14 [WARNING] CropBox missing from /Page, defaulting to MediaBox
2025-05-29 10:54:14 [WARNING] CropBox missing from /Page, defaulting to MediaBox
2025-05-29 10:54:14 [WARNING] CropBox missing from /Page, defaulting to MediaBox
2025-05-29 10:54:14 [WARNING] CropBox missing from /Page, defaulting to MediaBox
2025-05-29 10:54:14 [WARNING] CropBox missing from /Page, defaulting to MediaBox
2025-05-29 10:54:14 [WARNING] CropBox missing from /Page, defaulting to MediaBox
2025-05-29 10:54:14 [WARNING] CropBox missing from /Page, defaulting to MediaBox
2025-05-29 10:54:14 [WARNING] CropBox missing from /Page, defaulting to MediaBox
2025-05-29 10:54:16 [WARNING] CropBox missing from /Page, defaulting to MediaBox
2025-05-29 10:54:16 [WARNING] CropBox missing from /Page, defaulting to MediaBox
2025-05-29 10:54:16 [WARNING] CropBox missing from /Page, defaulting to MediaBox
2025-05-29 10:54:16 [WARNING] CropBox missing from /Page, defaulting to MediaBox
2025-05-29 10:54:16 [WARNING] CropBox missing from /Page, defaulting to MediaBox
2025-05-29 10:54:16 [WARNING] CropBox missing from /Page, defaulting to MediaBox
2025-05-29 10:54:16 [WARNING] CropBox missing from /Page, defaulting to MediaBox
2025-05-29 10:54:16 [WARNING] CropBox missing from /Page, defaulting to MediaBox
2025-05-29 10:54:16 [WARNING] CropBox missing from /Page, defaulting to MediaBox
2025-05-29 10:54:16 [WARNING] CropBox missing from /Page, defaulting to MediaBox
2025-05-29 10:57:14 [INFO] 4 avisos procesados y guardados.
2025-05-29 10:57:14 [INFO] Ya existe: pdfs\Resolución 165_2025_20250529.pdf
2025-05-29 10:57:14 [WARNING] CropBox missing from /Page, defaulting to MediaBox
2025-05-29 10:57:14 [WARNING] CropBox missing from /Page, defaulting to MediaBox
2025-05-29 10:57:14 [WARNING] CropBox missing from /Page, defaulting to MediaBox
2025-05-29 10:57:14 [WARNING] CropBox missing from /Page, defaulting to MediaBox
2025-05-29 10:57:14 [WARNING] CropBox missing from /Page, defaulting to MediaBox
2025-05-29 10:57:14 [WARNING] CropBox missing from /Page, defaulting to MediaBox
2025-05-29 10:57:14 [WARNING] CropBox missing from /Page, defaulting to MediaBox
2025-05-29 10:57:14 [WARNING] CropBox missing from /Page, defaulting to MediaBox
2025-05-29 10:57:14 [WARNING] CropBox missing from /Page, defaulting to MediaBox
2025-05-29 10:57:14 [WARNING] CropBox missing from /Page, defaulting to MediaBox
2025-05-29 10:57:16 [WARNING] CropBox missing from /Page, defaulting to MediaBox
2025-05-29 10:57:16 [WARNING] CropBox missing from /Page, defaulting to MediaBox
2025-05-29 10:57:16 [WARNING] CropBox missing from /Page, defaulting to MediaBox
2025-05-29 10:57:16 [WARNING] CropBox missing from /Page, defaulting to MediaBox
2025-05-29 10:57:16 [WARNING] CropBox missing from /Page, defaulting to MediaBox
2025-05-29 10:57:16 [WARNING] CropBox missing from /Page, defaulting to MediaBox
2025-05-29 10:57:16 [WARNING] CropBox missing from /Page, defaulting to MediaBox
2025-05-29 10:57:16 [WARNING] CropBox missing from /Page, defaulting to MediaBox
2025-05-29 10:57:16 [WARNING] CropBox missing from /Page, defaulting to MediaBox
2025-05-29 10:57:16 [WARNING] CropBox missing from /Page, defaulting to MediaBox
2025-05-29 11:01:02 [INFO] 4 avisos procesados y guardados.
2025-05-29 11:01:02 [INFO] Ya existe: pdfs\Resolución 165_2025_20250529.pdf
2025-05-29 11:01:02 [WARNING] CropBox missing from /Page, defaulting to MediaBox
2025-05-29 11:01:02 [WARNING] CropBox missing from /Page, defaulting to MediaBox
2025-05-29 11:01:02 [WARNING] CropBox missing from /Page, defaulting to MediaBox
2025-05-29 11:01:02 [WARNING] CropBox missing from /Page, defaulting to MediaBox
2025-05-29 11:01:02 [WARNING] CropBox missing from /Page, defaulting to MediaBox
2025-05-29 11:01:02 [WARNING] CropBox missing from /Page, defaulting to MediaBox
2025-05-29 11:01:02 [WARNING] CropBox missing from /Page, defaulting to MediaBox
2025-05-29 11:01:02 [WARNING] CropBox missing from /Page, defaulting to MediaBox
2025-05-29 11:01:02 [WARNING] CropBox missing from /Page, defaulting to MediaBox
2025-05-29 11:01:02 [WARNING] CropBox missing from /Page, defaulting to MediaBox
2025-05-29 11:01:05 [WARNING] CropBox missing from /Page, defaulting to MediaBox
2025-05-29 11:01:05 [WARNING] CropBox missing from /Page, defaulting to MediaBox
2025-05-29 11:01:05 [WARNING] CropBox missing from /Page, defaulting to MediaBox
2025-05-29 11:01:05 [WARNING] CropBox missing from /Page, defaulting to MediaBox
2025-05-29 11:01:05 [WARNING] CropBox missing from /Page, defaulting to MediaBox
2025-05-29 11:01:05 [WARNING] CropBox missing from /Page, defaulting to MediaBox
2025-05-29 11:01:05 [WARNING] CropBox missing from /Page, defaulting to MediaBox
2025-05-29 11:01:05 [WARNING] CropBox missing from /Page, defaulting to MediaBox
2025-05-29 11:01:05 [WARNING] CropBox missing from /Page, defaulting to MediaBox
2025-05-29 11:01:05 [WARNING] CropBox missing from /Page, defaulting to MediaBox
2025-05-29 11:01:20 [INFO] 4 avisos procesados y guardados.
2025-05-29 11:01:20 [INFO] Ya existe: pdfs\Resolución 165_2025_20250529.pdf
2025-05-29 11:01:20 [WARNING] CropBox missing from /Page, defaulting to MediaBox
2025-05-29 11:01:20 [WARNING] CropBox missing from /Page, defaulting to MediaBox
2025-05-29 11:01:20 [WARNING] CropBox missing from /Page, defaulting to MediaBox
2025-05-29 11:01:20 [WARNING] CropBox missing from /Page, defaulting to MediaBox
2025-05-29 11:01:20 [WARNING] CropBox missing from /Page, defaulting to MediaBox
2025-05-29 11:01:20 [WARNING] CropBox missing from /Page, defaulting to MediaBox
2025-05-29 11:01:20 [WARNING] CropBox missing from /Page, defaulting to MediaBox
2025-05-29 11:01:20 [WARNING] CropBox missing from /Page, defaulting to MediaBox
2025-05-29 11:01:20 [WARNING] CropBox missing from /Page, defaulting to MediaBox
2025-05-29 11:01:20 [WARNING] CropBox missing from /Page, defaulting to MediaBox
2025-05-29 11:01:22 [WARNING] CropBox missing from /Page, defaulting to MediaBox
2025-05-29 11:01:22 [WARNING] CropBox missing from /Page, defaulting to MediaBox
2025-05-29 11:01:22 [WARNING] CropBox missing from /Page, defaulting to MediaBox
2025-05-29 11:01:22 [WARNING] CropBox missing from /Page, defaulting to MediaBox
2025-05-29 11:01:22 [WARNING] CropBox missing from /Page, defaulting to MediaBox
2025-05-29 11:01:22 [WARNING] CropBox missing from /Page, defaulting to MediaBox
2025-05-29 11:01:22 [WARNING] CropBox missing from /Page, defaulting to MediaBox
2025-05-29 11:01:22 [WARNING] CropBox missing from /Page, defaulting to MediaBox
2025-05-29 11:01:22 [WARNING] CropBox missing from /Page, defaulting to MediaBox
2025-05-29 11:01:22 [WARNING] CropBox missing from /Page, defaulting to MediaBox
2025-05-29 11:01:42 [INFO] 4 avisos procesados y guardados.
2025-05-29 11:01:42 [INFO] Ya existe: pdfs\Resolución 165_2025_20250529.pdf
2025-05-29 11:01:42 [WARNING] CropBox missing from /Page, defaulting to MediaBox
2025-05-29 11:01:42 [WARNING] CropBox missing from /Page, defaulting to MediaBox
2025-05-29 11:01:42 [WARNING] CropBox missing from /Page, defaulting to MediaBox
2025-05-29 11:01:42 [WARNING] CropBox missing from /Page, defaulting to MediaBox
2025-05-29 11:01:42 [WARNING] CropBox missing from /Page, defaulting to MediaBox
2025-05-29 11:01:42 [WARNING] CropBox missing from /Page, defaulting to MediaBox
2025-05-29 11:01:42 [WARNING] CropBox missing from /Page, defaulting to MediaBox
2025-05-29 11:01:42 [WARNING] CropBox missing from /Page, defaulting to MediaBox
2025-05-29 11:01:42 [WARNING] CropBox missing from /Page, defaulting to MediaBox
2025-05-29 11:01:42 [WARNING] CropBox missing from /Page, defaulting to MediaBox
2025-05-29 11:01:45 [WARNING] CropBox missing from /Page, defaulting to MediaBox
2025-05-29 11:01:45 [WARNING] CropBox missing from /Page, defaulting to MediaBox
2025-05-29 11:01:45 [WARNING] CropBox missing from /Page, defaulting to MediaBox
2025-05-29 11:01:45 [WARNING] CropBox missing from /Page, defaulting to MediaBox
2025-05-29 11:01:45 [WARNING] CropBox missing from /Page, defaulting to MediaBox
2025-05-29 11:01:45 [WARNING] CropBox missing from /Page, defaulting to MediaBox
2025-05-29 11:01:45 [WARNING] CropBox missing from /Page, defaulting to MediaBox
2025-05-29 11:01:45 [WARNING] CropBox missing from /Page, defaulting to MediaBox
2025-05-29 11:01:45 [WARNING] CropBox missing from /Page, defaulting to MediaBox
2025-05-29 11:01:45 [WARNING] CropBox missing from /Page, defaulting to MediaBox
2025-05-29 11:04:11 [INFO] 4 avisos procesados y guardados.
2025-05-29 11:04:11 [INFO] Ya existe: pdfs\Resolución 165_2025_20250529.pdf
2025-05-29 11:04:11 [WARNING] CropBox missing from /Page, defaulting to MediaBox
2025-05-29 11:04:11 [WARNING] CropBox missing from /Page, defaulting to MediaBox
2025-05-29 11:04:11 [WARNING] CropBox missing from /Page, defaulting to MediaBox
2025-05-29 11:04:11 [WARNING] CropBox missing from /Page, defaulting to MediaBox
2025-05-29 11:04:11 [WARNING] CropBox missing from /Page, defaulting to MediaBox
2025-05-29 11:04:11 [WARNING] CropBox missing from /Page, defaulting to MediaBox
2025-05-29 11:04:11 [WARNING] CropBox missing from /Page, defaulting to MediaBox
2025-05-29 11:04:11 [WARNING] CropBox missing from /Page, defaulting to MediaBox
2025-05-29 11:04:11 [WARNING] CropBox missing from /Page, defaulting to MediaBox
2025-05-29 11:04:11 [WARNING] CropBox missing from /Page, defaulting to MediaBox
2025-05-29 11:04:13 [WARNING] CropBox missing from /Page, defaulting to MediaBox
2025-05-29 11:04:13 [WARNING] CropBox missing from /Page, defaulting to MediaBox
2025-05-29 11:04:13 [WARNING] CropBox missing from /Page, defaulting to MediaBox
2025-05-29 11:04:13 [WARNING] CropBox missing from /Page, defaulting to MediaBox
2025-05-29 11:04:13 [WARNING] CropBox missing from /Page, defaulting to MediaBox
2025-05-29 11:04:13 [WARNING] CropBox missing from /Page, defaulting to MediaBox
2025-05-29 11:04:13 [WARNING] CropBox missing from /Page, defaulting to MediaBox
2025-05-29 11:04:13 [WARNING] CropBox missing from /Page, defaulting to MediaBox
2025-05-29 11:04:13 [WARNING] CropBox missing from /Page, defaulting to MediaBox
2025-05-29 11:04:13 [WARNING] CropBox missing from /Page, defaulting to MediaBox
2025-05-29 14:07:11 [INFO] 4 avisos procesados y guardados.
2025-05-29 14:07:11 [INFO] Ya existe: pdfs\Resolución 165_2025_20250529.pdf
2025-05-29 14:07:11 [WARNING] CropBox missing from /Page, defaulting to MediaBox
2025-05-29 14:07:11 [WARNING] CropBox missing from /Page, defaulting to MediaBox
2025-05-29 14:07:11 [WARNING] CropBox missing from /Page, defaulting to MediaBox
2025-05-29 14:07:11 [WARNING] CropBox missing from /Page, defaulting to MediaBox
2025-05-29 14:07:11 [WARNING] CropBox missing from /Page, defaulting to MediaBox
2025-05-29 14:07:11 [WARNING] CropBox missing from /Page, defaulting to MediaBox
2025-05-29 14:07:11 [WARNING] CropBox missing from /Page, defaulting to MediaBox
2025-05-29 14:07:11 [WARNING] CropBox missing from /Page, defaulting to MediaBox
2025-05-29 14:07:11 [WARNING] CropBox missing from /Page, defaulting to MediaBox
2025-05-29 14:07:11 [WARNING] CropBox missing from /Page, defaulting to MediaBox
2025-05-29 14:07:16 [WARNING] CropBox missing from /Page, defaulting to MediaBox
2025-05-29 14:07:16 [WARNING] CropBox missing from /Page, defaulting to MediaBox
2025-05-29 14:07:16 [WARNING] CropBox missing from /Page, defaulting to MediaBox
2025-05-29 14:07:16 [WARNING] CropBox missing from /Page, defaulting to MediaBox
2025-05-29 14:07:16 [WARNING] CropBox missing from /Page, defaulting to MediaBox
2025-05-29 14:07:16 [WARNING] CropBox missing from /Page, defaulting to MediaBox
2025-05-29 14:07:16 [WARNING] CropBox missing from /Page, defaulting to MediaBox
2025-05-29 14:07:16 [WARNING] CropBox missing from /Page, defaulting to MediaBox
2025-05-29 14:07:16 [WARNING] CropBox missing from /Page, defaulting to MediaBox
2025-05-29 14:07:16 [WARNING] CropBox missing from /Page, defaulting to MediaBox
2025-05-29 14:08:22 [INFO] 4 avisos procesados y guardados.
2025-05-29 14:08:22 [INFO] Ya existe: pdfs\Resolución 165_2025_20250529.pdf
2025-05-29 14:08:22 [WARNING] CropBox missing from /Page, defaulting to MediaBox
2025-05-29 14:08:22 [WARNING] CropBox missing from /Page, defaulting to MediaBox
2025-05-29 14:08:22 [WARNING] CropBox missing from /Page, defaulting to MediaBox
2025-05-29 14:08:22 [WARNING] CropBox missing from /Page, defaulting to MediaBox
2025-05-29 14:08:22 [WARNING] CropBox missing from /Page, defaulting to MediaBox
2025-05-29 14:08:22 [WARNING] CropBox missing from /Page, defaulting to MediaBox
2025-05-29 14:08:22 [WARNING] CropBox missing from /Page, defaulting to MediaBox
2025-05-29 14:08:22 [WARNING] CropBox missing from /Page, defaulting to MediaBox
2025-05-29 14:08:22 [WARNING] CropBox missing from /Page, defaulting to MediaBox
2025-05-29 14:08:22 [WARNING] CropBox missing from /Page, defaulting to MediaBox
2025-05-29 14:08:24 [WARNING] CropBox missing from /Page, defaulting to MediaBox
2025-05-29 14:08:24 [WARNING] CropBox missing from /Page, defaulting to MediaBox
2025-05-29 14:08:24 [WARNING] CropBox missing from /Page, defaulting to MediaBox
2025-05-29 14:08:24 [WARNING] CropBox missing from /Page, defaulting to MediaBox
2025-05-29 14:08:24 [WARNING] CropBox missing from /Page, defaulting to MediaBox
2025-05-29 14:08:24 [WARNING] CropBox missing from /Page, defaulting to MediaBox
2025-05-29 14:08:24 [WARNING] CropBox missing from /Page, defaulting to MediaBox
2025-05-29 14:08:24 [WARNING] CropBox missing from /Page, defaulting to MediaBox
2025-05-29 14:08:24 [WARNING] CropBox missing from /Page, defaulting to MediaBox
2025-05-29 14:08:24 [WARNING] CropBox missing from /Page, defaulting to MediaBox
2025-05-29 14:08:49 [INFO] 4 avisos procesados y guardados.
2025-05-29 14:08:49 [INFO] Ya existe: pdfs\Resolución 165_2025_20250529.pdf
2025-05-29 14:08:49 [WARNING] CropBox missing from /Page, defaulting to MediaBox
2025-05-29 14:08:49 [WARNING] CropBox missing from /Page, defaulting to MediaBox
2025-05-29 14:08:49 [WARNING] CropBox missing from /Page, defaulting to MediaBox
2025-05-29 14:08:49 [WARNING] CropBox missing from /Page, defaulting to MediaBox
2025-05-29 14:08:49 [WARNING] CropBox missing from /Page, defaulting to MediaBox
2025-05-29 14:08:49 [WARNING] CropBox missing from /Page, defaulting to MediaBox
2025-05-29 14:08:49 [WARNING] CropBox missing from /Page, defaulting to MediaBox
2025-05-29 14:08:49 [WARNING] CropBox missing from /Page, defaulting to MediaBox
2025-05-29 14:08:49 [WARNING] CropBox missing from /Page, defaulting to MediaBox
2025-05-29 14:08:49 [WARNING] CropBox missing from /Page, defaulting to MediaBox
2025-05-29 14:08:52 [WARNING] CropBox missing from /Page, defaulting to MediaBox
2025-05-29 14:08:52 [WARNING] CropBox missing from /Page, defaulting to MediaBox
2025-05-29 14:08:52 [WARNING] CropBox missing from /Page, defaulting to MediaBox
2025-05-29 14:08:52 [WARNING] CropBox missing from /Page, defaulting to MediaBox
2025-05-29 14:08:52 [WARNING] CropBox missing from /Page, defaulting to MediaBox
2025-05-29 14:08:52 [WARNING] CropBox missing from /Page, defaulting to MediaBox
2025-05-29 14:08:52 [WARNING] CropBox missing from /Page, defaulting to MediaBox
2025-05-29 14:08:52 [WARNING] CropBox missing from /Page, defaulting to MediaBox
2025-05-29 14:08:52 [WARNING] CropBox missing from /Page, defaulting to MediaBox
2025-05-29 14:08:52 [WARNING] CropBox missing from /Page, defaulting to MediaBox
2025-05-29 14:26:41 [INFO] 4 avisos procesados y guardados.
2025-05-29 14:26:41 [INFO] Ya existe: pdfs\Resolución 165_2025_20250529.pdf
2025-05-29 14:26:41 [WARNING] CropBox missing from /Page, defaulting to MediaBox
2025-05-29 14:26:41 [WARNING] CropBox missing from /Page, defaulting to MediaBox
2025-05-29 14:26:41 [WARNING] CropBox missing from /Page, defaulting to MediaBox
2025-05-29 14:26:41 [WARNING] CropBox missing from /Page, defaulting to MediaBox
2025-05-29 14:26:41 [WARNING] CropBox missing from /Page, defaulting to MediaBox
2025-05-29 14:26:41 [WARNING] CropBox missing from /Page, defaulting to MediaBox
2025-05-29 14:26:41 [WARNING] CropBox missing from /Page, defaulting to MediaBox
2025-05-29 14:26:41 [WARNING] CropBox missing from /Page, defaulting to MediaBox
2025-05-29 14:26:41 [WARNING] CropBox missing from /Page, defaulting to MediaBox
2025-05-29 14:26:41 [WARNING] CropBox missing from /Page, defaulting to MediaBox
2025-05-29 14:26:43 [WARNING] CropBox missing from /Page, defaulting to MediaBox
2025-05-29 14:26:43 [WARNING] CropBox missing from /Page, defaulting to MediaBox
2025-05-29 14:26:43 [WARNING] CropBox missing from /Page, defaulting to MediaBox
2025-05-29 14:26:43 [WARNING] CropBox missing from /Page, defaulting to MediaBox
2025-05-29 14:26:43 [WARNING] CropBox missing from /Page, defaulting to MediaBox
2025-05-29 14:26:43 [WARNING] CropBox missing from /Page, defaulting to MediaBox
2025-05-29 14:26:43 [WARNING] CropBox missing from /Page, defaulting to MediaBox
2025-05-29 14:26:43 [WARNING] CropBox missing from /Page, defaulting to MediaBox
2025-05-29 14:26:43 [WARNING] CropBox missing from /Page, defaulting to MediaBox
2025-05-29 14:26:43 [WARNING] CropBox missing from /Page, defaulting to MediaBox
2025-05-29 14:29:09 [INFO] 4 avisos procesados y guardados.
2025-05-29 14:29:09 [INFO] Ya existe: pdfs\Resolución 165_2025_20250529.pdf
2025-05-29 14:29:09 [WARNING] CropBox missing from /Page, defaulting to MediaBox
2025-05-29 14:29:09 [WARNING] CropBox missing from /Page, defaulting to MediaBox
2025-05-29 14:29:09 [WARNING] CropBox missing from /Page, defaulting to MediaBox
2025-05-29 14:29:09 [WARNING] CropBox missing from /Page, defaulting to MediaBox
2025-05-29 14:29:09 [WARNING] CropBox missing from /Page, defaulting to MediaBox
2025-05-29 14:29:09 [WARNING] CropBox missing from /Page, defaulting to MediaBox
2025-05-29 14:29:09 [WARNING] CropBox missing from /Page, defaulting to MediaBox
2025-05-29 14:29:09 [WARNING] CropBox missing from /Page, defaulting to MediaBox
2025-05-29 14:29:09 [WARNING] CropBox missing from /Page, defaulting to MediaBox
2025-05-29 14:29:09 [WARNING] CropBox missing from /Page, defaulting to MediaBox
2025-05-29 14:29:10 [WARNING] CropBox missing from /Page, defaulting to MediaBox
2025-05-29 14:29:10 [WARNING] CropBox missing from /Page, defaulting to MediaBox
2025-05-29 14:29:10 [WARNING] CropBox missing from /Page, defaulting to MediaBox
2025-05-29 14:29:10 [WARNING] CropBox missing from /Page, defaulting to MediaBox
2025-05-29 14:29:10 [WARNING] CropBox missing from /Page, defaulting to MediaBox
2025-05-29 14:29:10 [WARNING] CropBox missing from /Page, defaulting to MediaBox
2025-05-29 14:29:10 [WARNING] CropBox missing from /Page, defaulting to MediaBox
2025-05-29 14:29:10 [WARNING] CropBox missing from /Page, defaulting to MediaBox
2025-05-29 14:29:10 [WARNING] CropBox missing from /Page, defaulting to MediaBox
2025-05-29 14:29:10 [WARNING] CropBox missing from /Page, defaulting to MediaBox
2025-05-29 14:31:27 [INFO] 4 avisos procesados y guardados.
2025-05-29 14:31:27 [INFO] Ya existe: pdfs\Resolución 165_2025_20250529.pdf
2025-05-29 14:31:27 [WARNING] CropBox missing from /Page, defaulting to MediaBox
2025-05-29 14:31:27 [WARNING] CropBox missing from /Page, defaulting to MediaBox
2025-05-29 14:31:27 [WARNING] CropBox missing from /Page, defaulting to MediaBox
2025-05-29 14:31:27 [WARNING] CropBox missing from /Page, defaulting to MediaBox
2025-05-29 14:31:27 [WARNING] CropBox missing from /Page, defaulting to MediaBox
2025-05-29 14:31:27 [WARNING] CropBox missing from /Page, defaulting to MediaBox
2025-05-29 14:31:27 [WARNING] CropBox missing from /Page, defaulting to MediaBox
2025-05-29 14:31:27 [WARNING] CropBox missing from /Page, defaulting to MediaBox
2025-05-29 14:31:27 [WARNING] CropBox missing from /Page, defaulting to MediaBox
2025-05-29 14:31:27 [WARNING] CropBox missing from /Page, defaulting to MediaBox
2025-05-29 14:31:29 [WARNING] CropBox missing from /Page, defaulting to MediaBox
2025-05-29 14:31:29 [WARNING] CropBox missing from /Page, defaulting to MediaBox
2025-05-29 14:31:29 [WARNING] CropBox missing from /Page, defaulting to MediaBox
2025-05-29 14:31:29 [WARNING] CropBox missing from /Page, defaulting to MediaBox
2025-05-29 14:31:29 [WARNING] CropBox missing from /Page, defaulting to MediaBox
2025-05-29 14:31:29 [WARNING] CropBox missing from /Page, defaulting to MediaBox
2025-05-29 14:31:29 [WARNING] CropBox missing from /Page, defaulting to MediaBox
2025-05-29 14:31:29 [WARNING] CropBox missing from /Page, defaulting to MediaBox
2025-05-29 14:31:29 [WARNING] CropBox missing from /Page, defaulting to MediaBox
2025-05-29 14:31:29 [WARNING] CropBox missing from /Page, defaulting to MediaBox
2025-05-29 14:32:17 [INFO] 4 avisos procesados y guardados.
2025-05-29 14:32:17 [INFO] Ya existe: pdfs\Resolución 165_2025_20250529.pdf
2025-05-29 14:32:17 [WARNING] CropBox missing from /Page, defaulting to MediaBox
2025-05-29 14:32:17 [WARNING] CropBox missing from /Page, defaulting to MediaBox
2025-05-29 14:32:17 [WARNING] CropBox missing from /Page, defaulting to MediaBox
2025-05-29 14:32:17 [WARNING] CropBox missing from /Page, defaulting to MediaBox
2025-05-29 14:32:17 [WARNING] CropBox missing from /Page, defaulting to MediaBox
2025-05-29 14:32:17 [WARNING] CropBox missing from /Page, defaulting to MediaBox
2025-05-29 14:32:17 [WARNING] CropBox missing from /Page, defaulting to MediaBox
2025-05-29 14:32:17 [WARNING] CropBox missing from /Page, defaulting to MediaBox
2025-05-29 14:32:17 [WARNING] CropBox missing from /Page, defaulting to MediaBox
2025-05-29 14:32:17 [WARNING] CropBox missing from /Page, defaulting to MediaBox
2025-05-29 14:32:19 [WARNING] CropBox missing from /Page, defaulting to MediaBox
2025-05-29 14:32:19 [WARNING] CropBox missing from /Page, defaulting to MediaBox
2025-05-29 14:32:19 [WARNING] CropBox missing from /Page, defaulting to MediaBox
2025-05-29 14:32:19 [WARNING] CropBox missing from /Page, defaulting to MediaBox
2025-05-29 14:32:19 [WARNING] CropBox missing from /Page, defaulting to MediaBox
2025-05-29 14:32:19 [WARNING] CropBox missing from /Page, defaulting to MediaBox
2025-05-29 14:32:19 [WARNING] CropBox missing from /Page, defaulting to MediaBox
2025-05-29 14:32:19 [WARNING] CropBox missing from /Page, defaulting to MediaBox
2025-05-29 14:32:19 [WARNING] CropBox missing from /Page, defaulting to MediaBox
2025-05-29 14:32:19 [WARNING] CropBox missing from /Page, defaulting to MediaBox
2025-05-29 14:33:02 [INFO] 4 avisos procesados y guardados.
2025-05-29 14:33:02 [INFO] Ya existe: pdfs\Resolución 165_2025_20250529.pdf
2025-05-29 14:33:02 [WARNING] CropBox missing from /Page, defaulting to MediaBox
2025-05-29 14:33:02 [WARNING] CropBox missing from /Page, defaulting to MediaBox
2025-05-29 14:33:02 [WARNING] CropBox missing from /Page, defaulting to MediaBox
2025-05-29 14:33:02 [WARNING] CropBox missing from /Page, defaulting to MediaBox
2025-05-29 14:33:02 [WARNING] CropBox missing from /Page, defaulting to MediaBox
2025-05-29 14:33:02 [WARNING] CropBox missing from /Page, defaulting to MediaBox
2025-05-29 14:33:02 [WARNING] CropBox missing from /Page, defaulting to MediaBox
2025-05-29 14:33:02 [WARNING] CropBox missing from /Page, defaulting to MediaBox
2025-05-29 14:33:02 [WARNING] CropBox missing from /Page, defaulting to MediaBox
2025-05-29 14:33:02 [WARNING] CropBox missing from /Page, defaulting to MediaBox
2025-05-29 14:33:05 [WARNING] CropBox missing from /Page, defaulting to MediaBox
2025-05-29 14:33:05 [WARNING] CropBox missing from /Page, defaulting to MediaBox
2025-05-29 14:33:05 [WARNING] CropBox missing from /Page, defaulting to MediaBox
2025-05-29 14:33:05 [WARNING] CropBox missing from /Page, defaulting to MediaBox
2025-05-29 14:33:05 [WARNING] CropBox missing from /Page, defaulting to MediaBox
2025-05-29 14:33:05 [WARNING] CropBox missing from /Page, defaulting to MediaBox
2025-05-29 14:33:05 [WARNING] CropBox missing from /Page, defaulting to MediaBox
2025-05-29 14:33:05 [WARNING] CropBox missing from /Page, defaulting to MediaBox
2025-05-29 14:33:05 [WARNING] CropBox missing from /Page, defaulting to MediaBox
2025-05-29 14:33:05 [WARNING] CropBox missing from /Page, defaulting to MediaBox
